<?xml version="1.0" encoding="UTF-8"?>
<testsuite name="com.bridglabz.CensusAnalyserTest" tests="1" skipped="0" failures="0" errors="0" timestamp="2020-08-19T09:40:20" hostname="DESKTOP-GL7D8LT" time="0.01">
  <properties/>
  <testcase name="givenIndiaStateData_WithWrongFile_ShouldThrowException" classname="com.bridglabz.CensusAnalyserTest" time="0.01"/>
  <system-out><![CDATA[]]></system-out>
  <system-err><![CDATA[]]></system-err>
</testsuite>
