<?xml version="1.0" encoding="UTF-8"?>
<testsuite name="com.bridglabz.CensusAnalyserTest" tests="1" skipped="0" failures="0" errors="0" timestamp="2020-08-19T07:56:26" hostname="DESKTOP-GL7D8LT" time="0.019">
  <properties/>
  <testcase name="givenIndiaCensusData_WithWrongFile_ShouldThrowException" classname="com.bridglabz.CensusAnalyserTest" time="0.019"/>
  <system-out><![CDATA[]]></system-out>
  <system-err><![CDATA[]]></system-err>
</testsuite>
