<?xml version="1.0" encoding="UTF-8"?>
<testsuite name="com.bridglabz.CensusAnalyserTest" tests="1" skipped="0" failures="0" errors="0" timestamp="2020-08-23T09:55:35" hostname="DESKTOP-GL7D8LT" time="3.221">
  <properties/>
  <testcase name="givenUSCsvFile_WhenChecked_ReturnCorrectRecords" classname="com.bridglabz.CensusAnalyserTest" time="3.221"/>
  <system-out><![CDATA[]]></system-out>
  <system-err><![CDATA[]]></system-err>
</testsuite>
