<?xml version="1.0" encoding="UTF-8"?>
<testsuite name="com.bridglabz.CensusAnalyserTest" tests="1" skipped="0" failures="0" errors="0" timestamp="2020-08-19T07:53:23" hostname="DESKTOP-GL7D8LT" time="0.007">
  <properties/>
  <testcase name="givenIndianCensusCsvFile_ReturnCorrectRecords" classname="com.bridglabz.CensusAnalyserTest" time="0.007"/>
  <system-out><![CDATA[]]></system-out>
  <system-err><![CDATA[]]></system-err>
</testsuite>
