<?xml version="1.0" encoding="UTF-8"?>
<testsuite name="com.bridglabz.CensusAnalyserTest" tests="1" skipped="0" failures="0" errors="0" timestamp="2020-08-25T08:00:32" hostname="DESKTOP-GL7D8LT" time="0.566">
  <properties/>
  <testcase name="givenUSAndIndiaCensus_WhenSorted_ShouldReturnName" classname="com.bridglabz.CensusAnalyserTest" time="0.566"/>
  <system-out><![CDATA[]]></system-out>
  <system-err><![CDATA[]]></system-err>
</testsuite>
