<?xml version="1.0" encoding="UTF-8"?>
<testsuite name="com.bridglabz.CensusAnalyserTest" tests="1" skipped="0" failures="0" errors="0" timestamp="2020-08-20T15:20:25" hostname="DESKTOP-GL7D8LT" time="0.007">
  <properties/>
  <testcase name="givenIndianCensusData_WhenFileIsEmpty_ShouldReturnException" classname="com.bridglabz.CensusAnalyserTest" time="0.007"/>
  <system-out><![CDATA[]]></system-out>
  <system-err><![CDATA[]]></system-err>
</testsuite>
